<?xml version="1.0" encoding="UTF-8" ?>
<testsuite tests="1" failures="0" name="io.github.marcoantoniossilva.NumberPuzzlePositionsTest" time="0" errors="0" skipped="0">
  <properties>
    <property name="idea.version" value="2020.3.4"/>
    <property name="java.runtime.name" value="OpenJDK Runtime Environment"/>
    <property name="sun.boot.library.path" value="C:\Program Files\OpenJDK\openjdk-8u282-b08\jre\bin"/>
    <property name="java.vm.version" value="25.282-b08"/>
    <property name="java.vm.vendor" value="Oracle Corporation"/>
    <property name="maven.multiModuleProjectDirectory" value="C:\Users\Win10\Documents\GitHub\JogoDeOito"/>
    <property name="java.vendor.url" value="http://java.oracle.com/"/>
    <property name="path.separator" value=";"/>
    <property name="guice.disable.misplaced.annotation.check" value="true"/>
    <property name="java.vm.name" value="OpenJDK 64-Bit Server VM"/>
    <property name="file.encoding.pkg" value="sun.io"/>
    <property name="user.script" value=""/>
    <property name="user.country" value="BR"/>
    <property name="sun.java.launcher" value="SUN_STANDARD"/>
    <property name="sun.os.patch.level" value=""/>
    <property name="java.vm.specification.name" value="Java Virtual Machine Specification"/>
    <property name="user.dir" value="C:\Users\Win10\Documents\GitHub\JogoDeOito"/>
    <property name="java.runtime.version" value="1.8.0_282-b08"/>
    <property name="java.awt.graphicsenv" value="sun.awt.Win32GraphicsEnvironment"/>
    <property name="java.endorsed.dirs" value="C:\Program Files\OpenJDK\openjdk-8u282-b08\jre\lib\endorsed"/>
    <property name="os.arch" value="amd64"/>
    <property name="java.io.tmpdir" value="C:\Users\Win10\AppData\Local\Temp\"/>
    <property name="line.separator" value="
"/>
    <property name="java.vm.specification.vendor" value="Oracle Corporation"/>
    <property name="user.variant" value=""/>
    <property name="os.name" value="Windows 10"/>
    <property name="maven.ext.class.path" value="C:\Program Files\JetBrains\IntelliJ IDEA Community Edition 2020.3.3\plugins\maven\lib\maven-event-listener.jar"/>
    <property name="classworlds.conf" value="C:\Program Files\JetBrains\IntelliJ IDEA Community Edition 2020.3.3\plugins\maven\lib\maven3\bin\m2.conf"/>
    <property name="sun.jnu.encoding" value="Cp1252"/>
    <property name="java.library.path" value="C:\Program Files\OpenJDK\openjdk-8u282-b08\bin;C:\Windows\Sun\Java\bin;C:\Windows\system32;C:\Windows;C:\Program Files\Amazon Corretto\jdk16.0.2_7\bin;C:\ProgramData\Oracle\Java\javapath;C:\Users\Win10\AppData\Local\Programs\Python\Python37\Scripts;C:\Users\Win10\AppData\Local\Programs\Python\Python37;C:\Program Files (x86)\Common Files\Oracle\Java\javapath;C:\Windows\system32;C:\Windows;C:\Windows\System32\Wbem;C:\Windows\System32\WindowsPowerShell\v1.0\;C:\Windows\System32\OpenSSH\;C:\Users\Win10\AppData\Local\Programs\Microsoft VS Code\bin;C:\Program Files\Git\cmd;C:\wamp64\bin\php\php7.4.9;C:\wamp64\bin\mysql\mysql5.7.31\bin;C:\ProgramData\chocolatey\bin;C:\Program Files\nodejs\;C:\Program Files\OpenJDK\openjdk-8u282-b08\bin;C:\Users\Win10\AppData\Local\Android\Sdk\platform-tools;C:\Users\Win10\AppData\Local\jdk-11.0.2\bin;C:\Users\Win10\AppData\Local\python2\scripts;C:\Users\Win10\AppData\Local\python2;C:\Users\Win10\AppData\Local\python2\scripts;C:\Users\Win10\AppData\Local\python2;C:\Users\Win10\AppData\Local\Programs\Python\Python37\Scripts;C:\Users\Win10\AppData\Local\Programs\Python\Python37;C:\Users\Win10\AppData\Local\Programs\Microsoft VS Code\bin;C:\Users\Win10\AppData\Local\GitHubDesktop\bin;C:\Users\Win10\AppData\Roaming\npm;C:\Program Files\JetBrains\IntelliJ IDEA Community Edition 2020.3.3\bin;;."/>
    <property name="maven.conf" value="C:\Program Files\JetBrains\IntelliJ IDEA Community Edition 2020.3.3\plugins\maven\lib\maven3/conf"/>
    <property name="java.specification.name" value="Java Platform API Specification"/>
    <property name="java.class.version" value="52.0"/>
    <property name="sun.management.compiler" value="HotSpot 64-Bit Tiered Compilers"/>
    <property name="os.version" value="10.0"/>
    <property name="user.home" value="C:\Users\Win10"/>
    <property name="user.timezone" value="America/Sao_Paulo"/>
    <property name="java.awt.printerjob" value="sun.awt.windows.WPrinterJob"/>
    <property name="java.specification.version" value="1.8"/>
    <property name="file.encoding" value="UTF-8"/>
    <property name="user.name" value="Win10"/>
    <property name="java.class.path" value="C:\Program Files\JetBrains\IntelliJ IDEA Community Edition 2020.3.3\plugins\maven\lib\maven3\boot\plexus-classworlds-2.6.0.jar;C:\Program Files\JetBrains\IntelliJ IDEA Community Edition 2020.3.3\plugins\maven\lib\maven3\boot\plexus-classworlds.license;C:\Program Files\JetBrains\IntelliJ IDEA Community Edition 2020.3.3\lib\idea_rt.jar"/>
    <property name="java.vm.specification.version" value="1.8"/>
    <property name="sun.arch.data.model" value="64"/>
    <property name="java.home" value="C:\Program Files\OpenJDK\openjdk-8u282-b08\jre"/>
    <property name="sun.java.command" value="org.codehaus.classworlds.Launcher -Didea.version=2020.3.4 clean test"/>
    <property name="java.specification.vendor" value="Oracle Corporation"/>
    <property name="user.language" value="pt"/>
    <property name="awt.toolkit" value="sun.awt.windows.WToolkit"/>
    <property name="java.vm.info" value="mixed mode"/>
    <property name="java.version" value="1.8.0_282"/>
    <property name="java.ext.dirs" value="C:\Program Files\OpenJDK\openjdk-8u282-b08\jre\lib\ext;C:\Windows\Sun\Java\lib\ext"/>
    <property name="sun.boot.class.path" value="C:\Program Files\OpenJDK\openjdk-8u282-b08\jre\lib\resources.jar;C:\Program Files\OpenJDK\openjdk-8u282-b08\jre\lib\rt.jar;C:\Program Files\OpenJDK\openjdk-8u282-b08\jre\lib\sunrsasign.jar;C:\Program Files\OpenJDK\openjdk-8u282-b08\jre\lib\jsse.jar;C:\Program Files\OpenJDK\openjdk-8u282-b08\jre\lib\jce.jar;C:\Program Files\OpenJDK\openjdk-8u282-b08\jre\lib\charsets.jar;C:\Program Files\OpenJDK\openjdk-8u282-b08\jre\lib\jfr.jar;C:\Program Files\OpenJDK\openjdk-8u282-b08\jre\classes"/>
    <property name="java.vendor" value="Oracle Corporation"/>
    <property name="maven.home" value="C:\Program Files\JetBrains\IntelliJ IDEA Community Edition 2020.3.3\plugins\maven\lib\maven3"/>
    <property name="file.separator" value="\"/>
    <property name="java.vendor.url.bug" value="http://bugreport.sun.com/bugreport/"/>
    <property name="sun.cpu.endian" value="little"/>
    <property name="sun.io.unicode.encoding" value="UnicodeLittle"/>
    <property name="sun.desktop" value="windows"/>
    <property name="sun.cpu.isalist" value="amd64"/>
  </properties>
  <testcase classname="io.github.marcoantoniossilva.NumberPuzzlePositionsTest" name="check" time="0"/>
</testsuite>